<?xml version="1.0" encoding="UTF-8"?>
<hazelcast id="hazelcast-consul-discovery" 
           xsi:schemaLocation="http://www.hazelcast.com/schema/config hazelcast-config-3.6.xsd"
           xmlns="http://www.hazelcast.com/schema/config"
           xmlns:xsi="http://www.w3.org/2001/XMLSchema-instance">
           
    <!-- 
     #####################
      IMPORTANT: @see src/main/resources/hazelcast-consul-discovery-spi-example.xml
      For documentation on the discovery-strategy properties and their usage
     #####################
     -->
    <group>
        <name>test-DoNothingRegistrator</name>
        <password>haz3lcast1</password>
    </group>

    <properties>
        <property name="hazelcast.discovery.enabled">true</property>
        <property name="hazelcast.shutdownhook.enabled">false</property> 
    </properties>

    <network>
        <port auto-increment="true">5701</port>
        
        <join>
            <multicast enabled="false"/>
              <aws enabled="false"/>
              <tcp-ip enabled="false" />
              
             <discovery-strategies>
        
               <discovery-strategy enabled="true"
                   class="org.bitsofinfo.hazelcast.discovery.consul.ConsulDiscoveryStrategy">
        
                 <properties>
                      <property name="consul-host">localhost</property>
                      <property name="consul-port">8500</property>
                      <property name="consul-service-name">test-DoNothingRegistrator</property>
                      <property name="consul-healthy-only">true</property>
                      <property name="consul-service-tags">DoNothingRegistrator</property>
                      <property name="consul-discovery-delay-ms">0</property>

                      <property name="consul-registrator">org.bitsofinfo.hazelcast.discovery.consul.DoNothingRegistrator</property>
                 </properties>
               </discovery-strategy>
             </discovery-strategies>
              
        </join>
    </network>
</hazelcast>
